<?xml version="1.0" encoding="UTF-8"?>
<beans xmlns="http://www.springframework.org/schema/beans"
	xmlns:xsi="http://www.w3.org/2001/XMLSchema-instance" xmlns:jdbc="http://www.springframework.org/schema/jdbc"
	xsi:schemaLocation="http://www.springframework.org/schema/beans http://www.springframework.org/schema/beans/spring-beans-3.0.xsd
		http://www.springframework.org/schema/jdbc http://www.springframework.org/schema/jdbc/spring-jdbc.xsd">
	<import resource="config.xml" />
	<bean name="testDataSource"
		class="org.springframework.jdbc.datasource.SingleConnectionDataSource">
		<property name="driverClassName" value="${database.driver}" />
		<property name="url" value="${database.url}" />
		<property name="suppressClose" value="true" />
	</bean>
	<bean name="dbunitTester" class="org.dbunit.DataSourceDatabaseTester">
		<constructor-arg ref="testDataSource" />
	</bean>
	<bean name="databaseTestUtilities"
		class="net.sourceforge.thegreymenstool.utils.DatabaseTestUtilities">
		<property name="masterInitDataset" ref="masterInitDataSet" />
		<property name="resultFileDir" value="target/dbunit/results" />
	</bean>
	<bean name="testContextHolder"
		class="net.sourceforge.thegreymenstool.utils.TestContextHolder" />
	<bean name="masterInitDataSet" class="org.dbunit.dataset.xml.XmlDataSet">
		<constructor-arg>
			<bean class="java.io.FileInputStream">
				<constructor-arg
					value="src/test/resources/net/sourceforge/thegreymenstool/MasterInitDataSet.ini.xml" />
			</bean>
		</constructor-arg>
	</bean>
</beans>
